<?xml version="1.0" encoding="UTF-8"?>
<robot generator="Robot 4.0.2 (Python 3.8.8 on win32)" generated="20210527 11:09:55.729" rpa="false" schemaversion="2">
<suite id="s1" name="Test" source="E:\PyCharm\bc2021\hw\test.robot">
<test id="s1-t1" name="Min is -1 test">
<kw name="Evaluate" library="BuiltIn">
<var>${min}</var>
<arg>min(int(i) for i in @{row})</arg>
<doc>Evaluates the given expression in Python and returns the result.</doc>
<msg timestamp="20210527 11:09:55.760" level="INFO">${min} = -1</msg>
<status status="PASS" starttime="20210527 11:09:55.760" endtime="20210527 11:09:55.760"/>
</kw>
<kw name="Should Be Equal As Numbers" library="BuiltIn">
<arg>${min}</arg>
<arg>-1</arg>
<doc>Fails if objects are unequal after converting them to real numbers.</doc>
<msg timestamp="20210527 11:09:55.760" level="INFO">Argument types are:
&lt;class 'int'&gt;
&lt;type 'unicode'&gt;</msg>
<status status="PASS" starttime="20210527 11:09:55.760" endtime="20210527 11:09:55.760"/>
</kw>
<kw name="Log" library="BuiltIn">
<arg>${min}</arg>
<doc>Logs the given message with the given level.</doc>
<msg timestamp="20210527 11:09:55.760" level="INFO">-1</msg>
<status status="PASS" starttime="20210527 11:09:55.760" endtime="20210527 11:09:55.760"/>
</kw>
<status status="PASS" starttime="20210527 11:09:55.760" endtime="20210527 11:09:55.760"/>
</test>
<test id="s1-t2" name="Max is 10 test">
<kw name="Evaluate" library="BuiltIn">
<var>${max}</var>
<arg>max(int(i) for i in @{row})</arg>
<doc>Evaluates the given expression in Python and returns the result.</doc>
<msg timestamp="20210527 11:09:55.760" level="INFO">${max} = 10</msg>
<status status="PASS" starttime="20210527 11:09:55.760" endtime="20210527 11:09:55.760"/>
</kw>
<kw name="Should Be Equal As Numbers" library="BuiltIn">
<arg>${max}</arg>
<arg>10</arg>
<doc>Fails if objects are unequal after converting them to real numbers.</doc>
<msg timestamp="20210527 11:09:55.760" level="INFO">Argument types are:
&lt;class 'int'&gt;
&lt;type 'unicode'&gt;</msg>
<status status="PASS" starttime="20210527 11:09:55.760" endtime="20210527 11:09:55.760"/>
</kw>
<status status="PASS" starttime="20210527 11:09:55.760" endtime="20210527 11:09:55.760"/>
</test>
<test id="s1-t3" name="Sum is 21 test">
<kw name="Evaluate" library="BuiltIn">
<var>${sum}</var>
<arg>sum(int(i) for i in @{row})</arg>
<doc>Evaluates the given expression in Python and returns the result.</doc>
<msg timestamp="20210527 11:09:55.760" level="INFO">${sum} = 21</msg>
<status status="PASS" starttime="20210527 11:09:55.760" endtime="20210527 11:09:55.760"/>
</kw>
<kw name="Should Be Equal As Numbers" library="BuiltIn">
<arg>${sum}</arg>
<arg>21</arg>
<doc>Fails if objects are unequal after converting them to real numbers.</doc>
<msg timestamp="20210527 11:09:55.760" level="INFO">Argument types are:
&lt;class 'int'&gt;
&lt;type 'unicode'&gt;</msg>
<status status="PASS" starttime="20210527 11:09:55.760" endtime="20210527 11:09:55.760"/>
</kw>
<status status="PASS" starttime="20210527 11:09:55.760" endtime="20210527 11:09:55.760"/>
</test>
<test id="s1-t4" name="Uniques are 1 2 3 5 0 -1 10 test">
<kw name="Evaluate" library="BuiltIn">
<var>@{uniques}</var>
<arg>sorted(list(set(int(i) for i in @{row})))</arg>
<doc>Evaluates the given expression in Python and returns the result.</doc>
<msg timestamp="20210527 11:09:55.776" level="INFO">@{uniques} = [ -1 | 0 | 1 | 2 | 3 | 5 | 10 ]</msg>
<status status="PASS" starttime="20210527 11:09:55.776" endtime="20210527 11:09:55.776"/>
</kw>
<kw name="Evaluate" library="BuiltIn">
<var>@{answer}</var>
<arg>sorted(int(i) for i in [1,2,3,5,0,-1,10])</arg>
<doc>Evaluates the given expression in Python and returns the result.</doc>
<msg timestamp="20210527 11:09:55.776" level="INFO">@{answer} = [ -1 | 0 | 1 | 2 | 3 | 5 | 10 ]</msg>
<status status="PASS" starttime="20210527 11:09:55.776" endtime="20210527 11:09:55.776"/>
</kw>
<kw name="Should Be Equal" library="BuiltIn">
<arg>${uniques}</arg>
<arg>${answer}</arg>
<doc>Fails if the given objects are unequal.</doc>
<status status="PASS" starttime="20210527 11:09:55.776" endtime="20210527 11:09:55.776"/>
</kw>
<status status="PASS" starttime="20210527 11:09:55.776" endtime="20210527 11:09:55.776"/>
</test>
<status status="PASS" starttime="20210527 11:09:55.729" endtime="20210527 11:09:55.776"/>
</suite>
<statistics>
<total>
<stat pass="4" fail="0" skip="0">All Tests</stat>
</total>
<tag>
</tag>
<suite>
<stat pass="4" fail="0" skip="0" id="s1" name="Test">Test</stat>
</suite>
</statistics>
<errors>
</errors>
</robot>
