<?xml version="1.0" encoding="UTF-8"?>
<robot generator="Robot 4.0.2 (Python 3.8.8 on win32)" generated="20210530 14:24:24.926" rpa="false" schemaversion="2">
<suite id="s1" name="Test" source="E:\PyCharm\bc2021\hw\test.robot">
<test id="s1-t1" name="Uniques are 1 2 3 5 0 -1 10 test">
<kw name="Set Test Documentation" library="BuiltIn">
<arg>checks if the unique values are being found correctly</arg>
<doc>Sets documentation for the current test case.</doc>
<msg timestamp="20210530 14:24:24.965" level="INFO">Set test documentation to:
checks if the unique values are being found correctly</msg>
<status status="PASS" starttime="20210530 14:24:24.965" endtime="20210530 14:24:24.965"/>
</kw>
<kw name="Remove Duplicates" library="Col">
<var>${expec_no_dup_row}</var>
<arg>${row}</arg>
<doc>Returns a list without duplicates based on the given ``list``.</doc>
<msg timestamp="20210530 14:24:24.966" level="INFO">1 duplicate removed.</msg>
<msg timestamp="20210530 14:24:24.966" level="INFO">${expec_no_dup_row} = ['1', '2', '3', '5', '0', '-1', '10']</msg>
<status status="PASS" starttime="20210530 14:24:24.966" endtime="20210530 14:24:24.966"/>
</kw>
<kw name="Lists Should Be Equal" library="Col">
<arg>${expec_no_dup_row}</arg>
<arg>${no_dup_row}</arg>
<doc>Fails if given lists are unequal.</doc>
<status status="PASS" starttime="20210530 14:24:24.967" endtime="20210530 14:24:24.967"/>
</kw>
<doc>checks if the unique values are being found correctly</doc>
<status status="PASS" starttime="20210530 14:24:24.964" endtime="20210530 14:24:24.967"/>
</test>
<test id="s1-t2" name="Min is -1 test">
<kw name="Set Test Documentation" library="BuiltIn">
<arg>checks if the min value are being found correctly</arg>
<doc>Sets documentation for the current test case.</doc>
<msg timestamp="20210530 14:24:24.970" level="INFO">Set test documentation to:
checks if the min value are being found correctly</msg>
<status status="PASS" starttime="20210530 14:24:24.969" endtime="20210530 14:24:24.970"/>
</kw>
<kw name="Set Variable" library="BuiltIn">
<var>@{sort_row}</var>
<arg>${row}</arg>
<doc>Returns the given values which can then be assigned to a variables.</doc>
<msg timestamp="20210530 14:24:24.971" level="INFO">@{sort_row} = [ 1 | 2 | 3 | 5 | 1 | 0 | -1 | 10 ]</msg>
<status status="PASS" starttime="20210530 14:24:24.970" endtime="20210530 14:24:24.971"/>
</kw>
<kw name="Set list values to int">
<arg>${sort_row}</arg>
<for flavor="IN">
<var>${i}</var>
<value>@{sort_row}</value>
<iter>
<var name="${i}">1</var>
<kw name="Convert To Integer" library="BuiltIn">
<var>${i_int}</var>
<arg>${i}</arg>
<doc>Converts the given item to an integer number.</doc>
<msg timestamp="20210530 14:24:24.973" level="INFO">${i_int} = 1</msg>
<status status="PASS" starttime="20210530 14:24:24.973" endtime="20210530 14:24:24.973"/>
</kw>
<kw name="Get Index From List" library="Col">
<var>${i_pos}</var>
<arg>${sort_row}</arg>
<arg>${i}</arg>
<doc>Returns the index of the first occurrence of the ``value`` on the list.</doc>
<msg timestamp="20210530 14:24:24.973" level="INFO">${i_pos} = 0</msg>
<status status="PASS" starttime="20210530 14:24:24.973" endtime="20210530 14:24:24.973"/>
</kw>
<kw name="Set List Value" library="Col">
<arg>${sort_row}</arg>
<arg>${i_pos}</arg>
<arg>${i_int}</arg>
<doc>Sets the value of ``list`` specified by ``index`` to the given ``value``.</doc>
<status status="PASS" starttime="20210530 14:24:24.973" endtime="20210530 14:24:24.974"/>
</kw>
<status status="PASS" starttime="20210530 14:24:24.973" endtime="20210530 14:24:24.974"/>
</iter>
<iter>
<var name="${i}">2</var>
<kw name="Convert To Integer" library="BuiltIn">
<var>${i_int}</var>
<arg>${i}</arg>
<doc>Converts the given item to an integer number.</doc>
<msg timestamp="20210530 14:24:24.974" level="INFO">${i_int} = 2</msg>
<status status="PASS" starttime="20210530 14:24:24.974" endtime="20210530 14:24:24.974"/>
</kw>
<kw name="Get Index From List" library="Col">
<var>${i_pos}</var>
<arg>${sort_row}</arg>
<arg>${i}</arg>
<doc>Returns the index of the first occurrence of the ``value`` on the list.</doc>
<msg timestamp="20210530 14:24:24.975" level="INFO">${i_pos} = 1</msg>
<status status="PASS" starttime="20210530 14:24:24.974" endtime="20210530 14:24:24.975"/>
</kw>
<kw name="Set List Value" library="Col">
<arg>${sort_row}</arg>
<arg>${i_pos}</arg>
<arg>${i_int}</arg>
<doc>Sets the value of ``list`` specified by ``index`` to the given ``value``.</doc>
<status status="PASS" starttime="20210530 14:24:24.975" endtime="20210530 14:24:24.975"/>
</kw>
<status status="PASS" starttime="20210530 14:24:24.974" endtime="20210530 14:24:24.975"/>
</iter>
<iter>
<var name="${i}">3</var>
<kw name="Convert To Integer" library="BuiltIn">
<var>${i_int}</var>
<arg>${i}</arg>
<doc>Converts the given item to an integer number.</doc>
<msg timestamp="20210530 14:24:24.975" level="INFO">${i_int} = 3</msg>
<status status="PASS" starttime="20210530 14:24:24.975" endtime="20210530 14:24:24.976"/>
</kw>
<kw name="Get Index From List" library="Col">
<var>${i_pos}</var>
<arg>${sort_row}</arg>
<arg>${i}</arg>
<doc>Returns the index of the first occurrence of the ``value`` on the list.</doc>
<msg timestamp="20210530 14:24:24.976" level="INFO">${i_pos} = 2</msg>
<status status="PASS" starttime="20210530 14:24:24.976" endtime="20210530 14:24:24.976"/>
</kw>
<kw name="Set List Value" library="Col">
<arg>${sort_row}</arg>
<arg>${i_pos}</arg>
<arg>${i_int}</arg>
<doc>Sets the value of ``list`` specified by ``index`` to the given ``value``.</doc>
<status status="PASS" starttime="20210530 14:24:24.976" endtime="20210530 14:24:24.976"/>
</kw>
<status status="PASS" starttime="20210530 14:24:24.975" endtime="20210530 14:24:24.976"/>
</iter>
<iter>
<var name="${i}">5</var>
<kw name="Convert To Integer" library="BuiltIn">
<var>${i_int}</var>
<arg>${i}</arg>
<doc>Converts the given item to an integer number.</doc>
<msg timestamp="20210530 14:24:24.977" level="INFO">${i_int} = 5</msg>
<status status="PASS" starttime="20210530 14:24:24.976" endtime="20210530 14:24:24.977"/>
</kw>
<kw name="Get Index From List" library="Col">
<var>${i_pos}</var>
<arg>${sort_row}</arg>
<arg>${i}</arg>
<doc>Returns the index of the first occurrence of the ``value`` on the list.</doc>
<msg timestamp="20210530 14:24:24.977" level="INFO">${i_pos} = 3</msg>
<status status="PASS" starttime="20210530 14:24:24.977" endtime="20210530 14:24:24.977"/>
</kw>
<kw name="Set List Value" library="Col">
<arg>${sort_row}</arg>
<arg>${i_pos}</arg>
<arg>${i_int}</arg>
<doc>Sets the value of ``list`` specified by ``index`` to the given ``value``.</doc>
<status status="PASS" starttime="20210530 14:24:24.977" endtime="20210530 14:24:24.977"/>
</kw>
<status status="PASS" starttime="20210530 14:24:24.976" endtime="20210530 14:24:24.977"/>
</iter>
<iter>
<var name="${i}">1</var>
<kw name="Convert To Integer" library="BuiltIn">
<var>${i_int}</var>
<arg>${i}</arg>
<doc>Converts the given item to an integer number.</doc>
<msg timestamp="20210530 14:24:24.978" level="INFO">${i_int} = 1</msg>
<status status="PASS" starttime="20210530 14:24:24.978" endtime="20210530 14:24:24.978"/>
</kw>
<kw name="Get Index From List" library="Col">
<var>${i_pos}</var>
<arg>${sort_row}</arg>
<arg>${i}</arg>
<doc>Returns the index of the first occurrence of the ``value`` on the list.</doc>
<msg timestamp="20210530 14:24:24.978" level="INFO">${i_pos} = 4</msg>
<status status="PASS" starttime="20210530 14:24:24.978" endtime="20210530 14:24:24.978"/>
</kw>
<kw name="Set List Value" library="Col">
<arg>${sort_row}</arg>
<arg>${i_pos}</arg>
<arg>${i_int}</arg>
<doc>Sets the value of ``list`` specified by ``index`` to the given ``value``.</doc>
<status status="PASS" starttime="20210530 14:24:24.978" endtime="20210530 14:24:24.979"/>
</kw>
<status status="PASS" starttime="20210530 14:24:24.977" endtime="20210530 14:24:24.979"/>
</iter>
<iter>
<var name="${i}">0</var>
<kw name="Convert To Integer" library="BuiltIn">
<var>${i_int}</var>
<arg>${i}</arg>
<doc>Converts the given item to an integer number.</doc>
<msg timestamp="20210530 14:24:24.979" level="INFO">${i_int} = 0</msg>
<status status="PASS" starttime="20210530 14:24:24.979" endtime="20210530 14:24:24.979"/>
</kw>
<kw name="Get Index From List" library="Col">
<var>${i_pos}</var>
<arg>${sort_row}</arg>
<arg>${i}</arg>
<doc>Returns the index of the first occurrence of the ``value`` on the list.</doc>
<msg timestamp="20210530 14:24:24.979" level="INFO">${i_pos} = 5</msg>
<status status="PASS" starttime="20210530 14:24:24.979" endtime="20210530 14:24:24.979"/>
</kw>
<kw name="Set List Value" library="Col">
<arg>${sort_row}</arg>
<arg>${i_pos}</arg>
<arg>${i_int}</arg>
<doc>Sets the value of ``list`` specified by ``index`` to the given ``value``.</doc>
<status status="PASS" starttime="20210530 14:24:24.980" endtime="20210530 14:24:24.980"/>
</kw>
<status status="PASS" starttime="20210530 14:24:24.979" endtime="20210530 14:24:24.980"/>
</iter>
<iter>
<var name="${i}">-1</var>
<kw name="Convert To Integer" library="BuiltIn">
<var>${i_int}</var>
<arg>${i}</arg>
<doc>Converts the given item to an integer number.</doc>
<msg timestamp="20210530 14:24:24.980" level="INFO">${i_int} = -1</msg>
<status status="PASS" starttime="20210530 14:24:24.980" endtime="20210530 14:24:24.980"/>
</kw>
<kw name="Get Index From List" library="Col">
<var>${i_pos}</var>
<arg>${sort_row}</arg>
<arg>${i}</arg>
<doc>Returns the index of the first occurrence of the ``value`` on the list.</doc>
<msg timestamp="20210530 14:24:24.981" level="INFO">${i_pos} = 6</msg>
<status status="PASS" starttime="20210530 14:24:24.980" endtime="20210530 14:24:24.981"/>
</kw>
<kw name="Set List Value" library="Col">
<arg>${sort_row}</arg>
<arg>${i_pos}</arg>
<arg>${i_int}</arg>
<doc>Sets the value of ``list`` specified by ``index`` to the given ``value``.</doc>
<status status="PASS" starttime="20210530 14:24:24.981" endtime="20210530 14:24:24.981"/>
</kw>
<status status="PASS" starttime="20210530 14:24:24.980" endtime="20210530 14:24:24.981"/>
</iter>
<iter>
<var name="${i}">10</var>
<kw name="Convert To Integer" library="BuiltIn">
<var>${i_int}</var>
<arg>${i}</arg>
<doc>Converts the given item to an integer number.</doc>
<msg timestamp="20210530 14:24:24.981" level="INFO">${i_int} = 10</msg>
<status status="PASS" starttime="20210530 14:24:24.981" endtime="20210530 14:24:24.981"/>
</kw>
<kw name="Get Index From List" library="Col">
<var>${i_pos}</var>
<arg>${sort_row}</arg>
<arg>${i}</arg>
<doc>Returns the index of the first occurrence of the ``value`` on the list.</doc>
<msg timestamp="20210530 14:24:24.982" level="INFO">${i_pos} = 7</msg>
<status status="PASS" starttime="20210530 14:24:24.982" endtime="20210530 14:24:24.982"/>
</kw>
<kw name="Set List Value" library="Col">
<arg>${sort_row}</arg>
<arg>${i_pos}</arg>
<arg>${i_int}</arg>
<doc>Sets the value of ``list`` specified by ``index`` to the given ``value``.</doc>
<status status="PASS" starttime="20210530 14:24:24.982" endtime="20210530 14:24:24.982"/>
</kw>
<status status="PASS" starttime="20210530 14:24:24.981" endtime="20210530 14:24:24.982"/>
</iter>
<status status="PASS" starttime="20210530 14:24:24.972" endtime="20210530 14:24:24.982"/>
</for>
<status status="PASS" starttime="20210530 14:24:24.972" endtime="20210530 14:24:24.982"/>
</kw>
<kw name="Sort List" library="Col">
<arg>${sort_row}</arg>
<doc>Sorts the given list in place.</doc>
<status status="PASS" starttime="20210530 14:24:24.984" endtime="20210530 14:24:24.984"/>
</kw>
<kw name="Should Be Equal As Numbers" library="BuiltIn">
<arg>${sort_row}[0]</arg>
<arg>-1</arg>
<doc>Fails if objects are unequal after converting them to real numbers.</doc>
<msg timestamp="20210530 14:24:24.985" level="INFO">Argument types are:
&lt;class 'int'&gt;
&lt;type 'unicode'&gt;</msg>
<status status="PASS" starttime="20210530 14:24:24.984" endtime="20210530 14:24:24.985"/>
</kw>
<doc>checks if the min value are being found correctly</doc>
<status status="PASS" starttime="20210530 14:24:24.969" endtime="20210530 14:24:24.985"/>
</test>
<test id="s1-t3" name="Max is 10 test">
<kw name="Set Test Documentation" library="BuiltIn">
<arg>checks if the max value are being found correctly</arg>
<doc>Sets documentation for the current test case.</doc>
<msg timestamp="20210530 14:24:24.988" level="INFO">Set test documentation to:
checks if the max value are being found correctly</msg>
<status status="PASS" starttime="20210530 14:24:24.988" endtime="20210530 14:24:24.988"/>
</kw>
<kw name="Set Variable" library="BuiltIn">
<var>@{sort_row}</var>
<arg>${row}</arg>
<doc>Returns the given values which can then be assigned to a variables.</doc>
<msg timestamp="20210530 14:24:24.989" level="INFO">@{sort_row} = [ 1 | 2 | 3 | 5 | 1 | 0 | -1 | 10 ]</msg>
<status status="PASS" starttime="20210530 14:24:24.988" endtime="20210530 14:24:24.989"/>
</kw>
<kw name="Set list values to int">
<arg>${sort_row}</arg>
<for flavor="IN">
<var>${i}</var>
<value>@{sort_row}</value>
<iter>
<var name="${i}">1</var>
<kw name="Convert To Integer" library="BuiltIn">
<var>${i_int}</var>
<arg>${i}</arg>
<doc>Converts the given item to an integer number.</doc>
<msg timestamp="20210530 14:24:24.990" level="INFO">${i_int} = 1</msg>
<status status="PASS" starttime="20210530 14:24:24.990" endtime="20210530 14:24:24.990"/>
</kw>
<kw name="Get Index From List" library="Col">
<var>${i_pos}</var>
<arg>${sort_row}</arg>
<arg>${i}</arg>
<doc>Returns the index of the first occurrence of the ``value`` on the list.</doc>
<msg timestamp="20210530 14:24:24.990" level="INFO">${i_pos} = 0</msg>
<status status="PASS" starttime="20210530 14:24:24.990" endtime="20210530 14:24:24.990"/>
</kw>
<kw name="Set List Value" library="Col">
<arg>${sort_row}</arg>
<arg>${i_pos}</arg>
<arg>${i_int}</arg>
<doc>Sets the value of ``list`` specified by ``index`` to the given ``value``.</doc>
<status status="PASS" starttime="20210530 14:24:24.990" endtime="20210530 14:24:24.991"/>
</kw>
<status status="PASS" starttime="20210530 14:24:24.990" endtime="20210530 14:24:24.991"/>
</iter>
<iter>
<var name="${i}">2</var>
<kw name="Convert To Integer" library="BuiltIn">
<var>${i_int}</var>
<arg>${i}</arg>
<doc>Converts the given item to an integer number.</doc>
<msg timestamp="20210530 14:24:24.991" level="INFO">${i_int} = 2</msg>
<status status="PASS" starttime="20210530 14:24:24.991" endtime="20210530 14:24:24.991"/>
</kw>
<kw name="Get Index From List" library="Col">
<var>${i_pos}</var>
<arg>${sort_row}</arg>
<arg>${i}</arg>
<doc>Returns the index of the first occurrence of the ``value`` on the list.</doc>
<msg timestamp="20210530 14:24:24.991" level="INFO">${i_pos} = 1</msg>
<status status="PASS" starttime="20210530 14:24:24.991" endtime="20210530 14:24:24.992"/>
</kw>
<kw name="Set List Value" library="Col">
<arg>${sort_row}</arg>
<arg>${i_pos}</arg>
<arg>${i_int}</arg>
<doc>Sets the value of ``list`` specified by ``index`` to the given ``value``.</doc>
<status status="PASS" starttime="20210530 14:24:24.992" endtime="20210530 14:24:24.992"/>
</kw>
<status status="PASS" starttime="20210530 14:24:24.991" endtime="20210530 14:24:24.992"/>
</iter>
<iter>
<var name="${i}">3</var>
<kw name="Convert To Integer" library="BuiltIn">
<var>${i_int}</var>
<arg>${i}</arg>
<doc>Converts the given item to an integer number.</doc>
<msg timestamp="20210530 14:24:24.992" level="INFO">${i_int} = 3</msg>
<status status="PASS" starttime="20210530 14:24:24.992" endtime="20210530 14:24:24.992"/>
</kw>
<kw name="Get Index From List" library="Col">
<var>${i_pos}</var>
<arg>${sort_row}</arg>
<arg>${i}</arg>
<doc>Returns the index of the first occurrence of the ``value`` on the list.</doc>
<msg timestamp="20210530 14:24:24.993" level="INFO">${i_pos} = 2</msg>
<status status="PASS" starttime="20210530 14:24:24.992" endtime="20210530 14:24:24.993"/>
</kw>
<kw name="Set List Value" library="Col">
<arg>${sort_row}</arg>
<arg>${i_pos}</arg>
<arg>${i_int}</arg>
<doc>Sets the value of ``list`` specified by ``index`` to the given ``value``.</doc>
<status status="PASS" starttime="20210530 14:24:24.993" endtime="20210530 14:24:24.993"/>
</kw>
<status status="PASS" starttime="20210530 14:24:24.992" endtime="20210530 14:24:24.993"/>
</iter>
<iter>
<var name="${i}">5</var>
<kw name="Convert To Integer" library="BuiltIn">
<var>${i_int}</var>
<arg>${i}</arg>
<doc>Converts the given item to an integer number.</doc>
<msg timestamp="20210530 14:24:24.994" level="INFO">${i_int} = 5</msg>
<status status="PASS" starttime="20210530 14:24:24.993" endtime="20210530 14:24:24.994"/>
</kw>
<kw name="Get Index From List" library="Col">
<var>${i_pos}</var>
<arg>${sort_row}</arg>
<arg>${i}</arg>
<doc>Returns the index of the first occurrence of the ``value`` on the list.</doc>
<msg timestamp="20210530 14:24:24.994" level="INFO">${i_pos} = 3</msg>
<status status="PASS" starttime="20210530 14:24:24.994" endtime="20210530 14:24:24.994"/>
</kw>
<kw name="Set List Value" library="Col">
<arg>${sort_row}</arg>
<arg>${i_pos}</arg>
<arg>${i_int}</arg>
<doc>Sets the value of ``list`` specified by ``index`` to the given ``value``.</doc>
<status status="PASS" starttime="20210530 14:24:24.994" endtime="20210530 14:24:24.994"/>
</kw>
<status status="PASS" starttime="20210530 14:24:24.993" endtime="20210530 14:24:24.994"/>
</iter>
<iter>
<var name="${i}">1</var>
<kw name="Convert To Integer" library="BuiltIn">
<var>${i_int}</var>
<arg>${i}</arg>
<doc>Converts the given item to an integer number.</doc>
<msg timestamp="20210530 14:24:24.995" level="INFO">${i_int} = 1</msg>
<status status="PASS" starttime="20210530 14:24:24.994" endtime="20210530 14:24:24.995"/>
</kw>
<kw name="Get Index From List" library="Col">
<var>${i_pos}</var>
<arg>${sort_row}</arg>
<arg>${i}</arg>
<doc>Returns the index of the first occurrence of the ``value`` on the list.</doc>
<msg timestamp="20210530 14:24:24.995" level="INFO">${i_pos} = 4</msg>
<status status="PASS" starttime="20210530 14:24:24.995" endtime="20210530 14:24:24.995"/>
</kw>
<kw name="Set List Value" library="Col">
<arg>${sort_row}</arg>
<arg>${i_pos}</arg>
<arg>${i_int}</arg>
<doc>Sets the value of ``list`` specified by ``index`` to the given ``value``.</doc>
<status status="PASS" starttime="20210530 14:24:24.995" endtime="20210530 14:24:24.995"/>
</kw>
<status status="PASS" starttime="20210530 14:24:24.994" endtime="20210530 14:24:24.995"/>
</iter>
<iter>
<var name="${i}">0</var>
<kw name="Convert To Integer" library="BuiltIn">
<var>${i_int}</var>
<arg>${i}</arg>
<doc>Converts the given item to an integer number.</doc>
<msg timestamp="20210530 14:24:24.996" level="INFO">${i_int} = 0</msg>
<status status="PASS" starttime="20210530 14:24:24.996" endtime="20210530 14:24:24.996"/>
</kw>
<kw name="Get Index From List" library="Col">
<var>${i_pos}</var>
<arg>${sort_row}</arg>
<arg>${i}</arg>
<doc>Returns the index of the first occurrence of the ``value`` on the list.</doc>
<msg timestamp="20210530 14:24:24.996" level="INFO">${i_pos} = 5</msg>
<status status="PASS" starttime="20210530 14:24:24.996" endtime="20210530 14:24:24.996"/>
</kw>
<kw name="Set List Value" library="Col">
<arg>${sort_row}</arg>
<arg>${i_pos}</arg>
<arg>${i_int}</arg>
<doc>Sets the value of ``list`` specified by ``index`` to the given ``value``.</doc>
<status status="PASS" starttime="20210530 14:24:24.996" endtime="20210530 14:24:24.997"/>
</kw>
<status status="PASS" starttime="20210530 14:24:24.996" endtime="20210530 14:24:24.997"/>
</iter>
<iter>
<var name="${i}">-1</var>
<kw name="Convert To Integer" library="BuiltIn">
<var>${i_int}</var>
<arg>${i}</arg>
<doc>Converts the given item to an integer number.</doc>
<msg timestamp="20210530 14:24:24.997" level="INFO">${i_int} = -1</msg>
<status status="PASS" starttime="20210530 14:24:24.997" endtime="20210530 14:24:24.997"/>
</kw>
<kw name="Get Index From List" library="Col">
<var>${i_pos}</var>
<arg>${sort_row}</arg>
<arg>${i}</arg>
<doc>Returns the index of the first occurrence of the ``value`` on the list.</doc>
<msg timestamp="20210530 14:24:24.997" level="INFO">${i_pos} = 6</msg>
<status status="PASS" starttime="20210530 14:24:24.997" endtime="20210530 14:24:24.997"/>
</kw>
<kw name="Set List Value" library="Col">
<arg>${sort_row}</arg>
<arg>${i_pos}</arg>
<arg>${i_int}</arg>
<doc>Sets the value of ``list`` specified by ``index`` to the given ``value``.</doc>
<status status="PASS" starttime="20210530 14:24:24.998" endtime="20210530 14:24:24.998"/>
</kw>
<status status="PASS" starttime="20210530 14:24:24.997" endtime="20210530 14:24:24.998"/>
</iter>
<iter>
<var name="${i}">10</var>
<kw name="Convert To Integer" library="BuiltIn">
<var>${i_int}</var>
<arg>${i}</arg>
<doc>Converts the given item to an integer number.</doc>
<msg timestamp="20210530 14:24:24.998" level="INFO">${i_int} = 10</msg>
<status status="PASS" starttime="20210530 14:24:24.998" endtime="20210530 14:24:24.998"/>
</kw>
<kw name="Get Index From List" library="Col">
<var>${i_pos}</var>
<arg>${sort_row}</arg>
<arg>${i}</arg>
<doc>Returns the index of the first occurrence of the ``value`` on the list.</doc>
<msg timestamp="20210530 14:24:24.999" level="INFO">${i_pos} = 7</msg>
<status status="PASS" starttime="20210530 14:24:24.998" endtime="20210530 14:24:24.999"/>
</kw>
<kw name="Set List Value" library="Col">
<arg>${sort_row}</arg>
<arg>${i_pos}</arg>
<arg>${i_int}</arg>
<doc>Sets the value of ``list`` specified by ``index`` to the given ``value``.</doc>
<status status="PASS" starttime="20210530 14:24:24.999" endtime="20210530 14:24:24.999"/>
</kw>
<status status="PASS" starttime="20210530 14:24:24.998" endtime="20210530 14:24:24.999"/>
</iter>
<status status="PASS" starttime="20210530 14:24:24.989" endtime="20210530 14:24:24.999"/>
</for>
<status status="PASS" starttime="20210530 14:24:24.989" endtime="20210530 14:24:24.999"/>
</kw>
<kw name="Sort List" library="Col">
<arg>${sort_row}</arg>
<doc>Sorts the given list in place.</doc>
<status status="PASS" starttime="20210530 14:24:25.000" endtime="20210530 14:24:25.000"/>
</kw>
<kw name="Reverse List" library="Col">
<arg>${sort_row}</arg>
<doc>Reverses the given list in place.</doc>
<status status="PASS" starttime="20210530 14:24:25.000" endtime="20210530 14:24:25.001"/>
</kw>
<kw name="Should Be Equal As Numbers" library="BuiltIn">
<arg>${sort_row}[0]</arg>
<arg>10</arg>
<doc>Fails if objects are unequal after converting them to real numbers.</doc>
<msg timestamp="20210530 14:24:25.001" level="INFO">Argument types are:
&lt;class 'int'&gt;
&lt;type 'unicode'&gt;</msg>
<status status="PASS" starttime="20210530 14:24:25.001" endtime="20210530 14:24:25.001"/>
</kw>
<doc>checks if the max value are being found correctly</doc>
<status status="PASS" starttime="20210530 14:24:24.987" endtime="20210530 14:24:25.002"/>
</test>
<test id="s1-t4" name="Sum is 21 test">
<kw name="Set Test Documentation" library="BuiltIn">
<arg>checks if the sum of all varables are being found correctly</arg>
<doc>Sets documentation for the current test case.</doc>
<msg timestamp="20210530 14:24:25.006" level="INFO">Set test documentation to:
checks if the sum of all varables are being found correctly</msg>
<status status="PASS" starttime="20210530 14:24:25.005" endtime="20210530 14:24:25.006"/>
</kw>
<kw name="Set Variable" library="BuiltIn">
<var>@{sort_row}</var>
<arg>${row}</arg>
<doc>Returns the given values which can then be assigned to a variables.</doc>
<msg timestamp="20210530 14:24:25.007" level="INFO">@{sort_row} = [ 1 | 2 | 3 | 5 | 1 | 0 | -1 | 10 ]</msg>
<status status="PASS" starttime="20210530 14:24:25.006" endtime="20210530 14:24:25.007"/>
</kw>
<kw name="Set list values to int">
<arg>${sort_row}</arg>
<for flavor="IN">
<var>${i}</var>
<value>@{sort_row}</value>
<iter>
<var name="${i}">1</var>
<kw name="Convert To Integer" library="BuiltIn">
<var>${i_int}</var>
<arg>${i}</arg>
<doc>Converts the given item to an integer number.</doc>
<msg timestamp="20210530 14:24:25.007" level="INFO">${i_int} = 1</msg>
<status status="PASS" starttime="20210530 14:24:25.007" endtime="20210530 14:24:25.007"/>
</kw>
<kw name="Get Index From List" library="Col">
<var>${i_pos}</var>
<arg>${sort_row}</arg>
<arg>${i}</arg>
<doc>Returns the index of the first occurrence of the ``value`` on the list.</doc>
<msg timestamp="20210530 14:24:25.008" level="INFO">${i_pos} = 0</msg>
<status status="PASS" starttime="20210530 14:24:25.007" endtime="20210530 14:24:25.008"/>
</kw>
<kw name="Set List Value" library="Col">
<arg>${sort_row}</arg>
<arg>${i_pos}</arg>
<arg>${i_int}</arg>
<doc>Sets the value of ``list`` specified by ``index`` to the given ``value``.</doc>
<status status="PASS" starttime="20210530 14:24:25.008" endtime="20210530 14:24:25.008"/>
</kw>
<status status="PASS" starttime="20210530 14:24:25.007" endtime="20210530 14:24:25.008"/>
</iter>
<iter>
<var name="${i}">2</var>
<kw name="Convert To Integer" library="BuiltIn">
<var>${i_int}</var>
<arg>${i}</arg>
<doc>Converts the given item to an integer number.</doc>
<msg timestamp="20210530 14:24:25.009" level="INFO">${i_int} = 2</msg>
<status status="PASS" starttime="20210530 14:24:25.008" endtime="20210530 14:24:25.009"/>
</kw>
<kw name="Get Index From List" library="Col">
<var>${i_pos}</var>
<arg>${sort_row}</arg>
<arg>${i}</arg>
<doc>Returns the index of the first occurrence of the ``value`` on the list.</doc>
<msg timestamp="20210530 14:24:25.009" level="INFO">${i_pos} = 1</msg>
<status status="PASS" starttime="20210530 14:24:25.009" endtime="20210530 14:24:25.009"/>
</kw>
<kw name="Set List Value" library="Col">
<arg>${sort_row}</arg>
<arg>${i_pos}</arg>
<arg>${i_int}</arg>
<doc>Sets the value of ``list`` specified by ``index`` to the given ``value``.</doc>
<status status="PASS" starttime="20210530 14:24:25.009" endtime="20210530 14:24:25.009"/>
</kw>
<status status="PASS" starttime="20210530 14:24:25.008" endtime="20210530 14:24:25.009"/>
</iter>
<iter>
<var name="${i}">3</var>
<kw name="Convert To Integer" library="BuiltIn">
<var>${i_int}</var>
<arg>${i}</arg>
<doc>Converts the given item to an integer number.</doc>
<msg timestamp="20210530 14:24:25.010" level="INFO">${i_int} = 3</msg>
<status status="PASS" starttime="20210530 14:24:25.009" endtime="20210530 14:24:25.010"/>
</kw>
<kw name="Get Index From List" library="Col">
<var>${i_pos}</var>
<arg>${sort_row}</arg>
<arg>${i}</arg>
<doc>Returns the index of the first occurrence of the ``value`` on the list.</doc>
<msg timestamp="20210530 14:24:25.010" level="INFO">${i_pos} = 2</msg>
<status status="PASS" starttime="20210530 14:24:25.010" endtime="20210530 14:24:25.010"/>
</kw>
<kw name="Set List Value" library="Col">
<arg>${sort_row}</arg>
<arg>${i_pos}</arg>
<arg>${i_int}</arg>
<doc>Sets the value of ``list`` specified by ``index`` to the given ``value``.</doc>
<status status="PASS" starttime="20210530 14:24:25.010" endtime="20210530 14:24:25.011"/>
</kw>
<status status="PASS" starttime="20210530 14:24:25.009" endtime="20210530 14:24:25.011"/>
</iter>
<iter>
<var name="${i}">5</var>
<kw name="Convert To Integer" library="BuiltIn">
<var>${i_int}</var>
<arg>${i}</arg>
<doc>Converts the given item to an integer number.</doc>
<msg timestamp="20210530 14:24:25.011" level="INFO">${i_int} = 5</msg>
<status status="PASS" starttime="20210530 14:24:25.011" endtime="20210530 14:24:25.011"/>
</kw>
<kw name="Get Index From List" library="Col">
<var>${i_pos}</var>
<arg>${sort_row}</arg>
<arg>${i}</arg>
<doc>Returns the index of the first occurrence of the ``value`` on the list.</doc>
<msg timestamp="20210530 14:24:25.011" level="INFO">${i_pos} = 3</msg>
<status status="PASS" starttime="20210530 14:24:25.011" endtime="20210530 14:24:25.011"/>
</kw>
<kw name="Set List Value" library="Col">
<arg>${sort_row}</arg>
<arg>${i_pos}</arg>
<arg>${i_int}</arg>
<doc>Sets the value of ``list`` specified by ``index`` to the given ``value``.</doc>
<status status="PASS" starttime="20210530 14:24:25.011" endtime="20210530 14:24:25.012"/>
</kw>
<status status="PASS" starttime="20210530 14:24:25.011" endtime="20210530 14:24:25.012"/>
</iter>
<iter>
<var name="${i}">1</var>
<kw name="Convert To Integer" library="BuiltIn">
<var>${i_int}</var>
<arg>${i}</arg>
<doc>Converts the given item to an integer number.</doc>
<msg timestamp="20210530 14:24:25.012" level="INFO">${i_int} = 1</msg>
<status status="PASS" starttime="20210530 14:24:25.012" endtime="20210530 14:24:25.012"/>
</kw>
<kw name="Get Index From List" library="Col">
<var>${i_pos}</var>
<arg>${sort_row}</arg>
<arg>${i}</arg>
<doc>Returns the index of the first occurrence of the ``value`` on the list.</doc>
<msg timestamp="20210530 14:24:25.012" level="INFO">${i_pos} = 4</msg>
<status status="PASS" starttime="20210530 14:24:25.012" endtime="20210530 14:24:25.013"/>
</kw>
<kw name="Set List Value" library="Col">
<arg>${sort_row}</arg>
<arg>${i_pos}</arg>
<arg>${i_int}</arg>
<doc>Sets the value of ``list`` specified by ``index`` to the given ``value``.</doc>
<status status="PASS" starttime="20210530 14:24:25.013" endtime="20210530 14:24:25.013"/>
</kw>
<status status="PASS" starttime="20210530 14:24:25.012" endtime="20210530 14:24:25.013"/>
</iter>
<iter>
<var name="${i}">0</var>
<kw name="Convert To Integer" library="BuiltIn">
<var>${i_int}</var>
<arg>${i}</arg>
<doc>Converts the given item to an integer number.</doc>
<msg timestamp="20210530 14:24:25.013" level="INFO">${i_int} = 0</msg>
<status status="PASS" starttime="20210530 14:24:25.013" endtime="20210530 14:24:25.013"/>
</kw>
<kw name="Get Index From List" library="Col">
<var>${i_pos}</var>
<arg>${sort_row}</arg>
<arg>${i}</arg>
<doc>Returns the index of the first occurrence of the ``value`` on the list.</doc>
<msg timestamp="20210530 14:24:25.014" level="INFO">${i_pos} = 5</msg>
<status status="PASS" starttime="20210530 14:24:25.013" endtime="20210530 14:24:25.014"/>
</kw>
<kw name="Set List Value" library="Col">
<arg>${sort_row}</arg>
<arg>${i_pos}</arg>
<arg>${i_int}</arg>
<doc>Sets the value of ``list`` specified by ``index`` to the given ``value``.</doc>
<status status="PASS" starttime="20210530 14:24:25.014" endtime="20210530 14:24:25.014"/>
</kw>
<status status="PASS" starttime="20210530 14:24:25.013" endtime="20210530 14:24:25.014"/>
</iter>
<iter>
<var name="${i}">-1</var>
<kw name="Convert To Integer" library="BuiltIn">
<var>${i_int}</var>
<arg>${i}</arg>
<doc>Converts the given item to an integer number.</doc>
<msg timestamp="20210530 14:24:25.014" level="INFO">${i_int} = -1</msg>
<status status="PASS" starttime="20210530 14:24:25.014" endtime="20210530 14:24:25.014"/>
</kw>
<kw name="Get Index From List" library="Col">
<var>${i_pos}</var>
<arg>${sort_row}</arg>
<arg>${i}</arg>
<doc>Returns the index of the first occurrence of the ``value`` on the list.</doc>
<msg timestamp="20210530 14:24:25.015" level="INFO">${i_pos} = 6</msg>
<status status="PASS" starttime="20210530 14:24:25.015" endtime="20210530 14:24:25.015"/>
</kw>
<kw name="Set List Value" library="Col">
<arg>${sort_row}</arg>
<arg>${i_pos}</arg>
<arg>${i_int}</arg>
<doc>Sets the value of ``list`` specified by ``index`` to the given ``value``.</doc>
<status status="PASS" starttime="20210530 14:24:25.015" endtime="20210530 14:24:25.015"/>
</kw>
<status status="PASS" starttime="20210530 14:24:25.014" endtime="20210530 14:24:25.015"/>
</iter>
<iter>
<var name="${i}">10</var>
<kw name="Convert To Integer" library="BuiltIn">
<var>${i_int}</var>
<arg>${i}</arg>
<doc>Converts the given item to an integer number.</doc>
<msg timestamp="20210530 14:24:25.016" level="INFO">${i_int} = 10</msg>
<status status="PASS" starttime="20210530 14:24:25.015" endtime="20210530 14:24:25.016"/>
</kw>
<kw name="Get Index From List" library="Col">
<var>${i_pos}</var>
<arg>${sort_row}</arg>
<arg>${i}</arg>
<doc>Returns the index of the first occurrence of the ``value`` on the list.</doc>
<msg timestamp="20210530 14:24:25.016" level="INFO">${i_pos} = 7</msg>
<status status="PASS" starttime="20210530 14:24:25.016" endtime="20210530 14:24:25.016"/>
</kw>
<kw name="Set List Value" library="Col">
<arg>${sort_row}</arg>
<arg>${i_pos}</arg>
<arg>${i_int}</arg>
<doc>Sets the value of ``list`` specified by ``index`` to the given ``value``.</doc>
<status status="PASS" starttime="20210530 14:24:25.016" endtime="20210530 14:24:25.016"/>
</kw>
<status status="PASS" starttime="20210530 14:24:25.015" endtime="20210530 14:24:25.016"/>
</iter>
<status status="PASS" starttime="20210530 14:24:25.007" endtime="20210530 14:24:25.016"/>
</for>
<status status="PASS" starttime="20210530 14:24:25.007" endtime="20210530 14:24:25.017"/>
</kw>
<kw name="Convert To Integer" library="BuiltIn">
<var>${sum}</var>
<arg>0</arg>
<doc>Converts the given item to an integer number.</doc>
<msg timestamp="20210530 14:24:25.018" level="INFO">${sum} = 0</msg>
<status status="PASS" starttime="20210530 14:24:25.018" endtime="20210530 14:24:25.018"/>
</kw>
<for flavor="IN">
<var>${i}</var>
<value>@{sort_row}</value>
<iter>
<var name="${i}">1</var>
<kw name="Evaluate" library="BuiltIn">
<var>${sum}</var>
<arg>${sum} + ${i}</arg>
<doc>Evaluates the given expression in Python and returns the result.</doc>
<msg timestamp="20210530 14:24:25.019" level="INFO">${sum} = 1</msg>
<status status="PASS" starttime="20210530 14:24:25.018" endtime="20210530 14:24:25.019"/>
</kw>
<status status="PASS" starttime="20210530 14:24:25.018" endtime="20210530 14:24:25.019"/>
</iter>
<iter>
<var name="${i}">2</var>
<kw name="Evaluate" library="BuiltIn">
<var>${sum}</var>
<arg>${sum} + ${i}</arg>
<doc>Evaluates the given expression in Python and returns the result.</doc>
<msg timestamp="20210530 14:24:25.019" level="INFO">${sum} = 3</msg>
<status status="PASS" starttime="20210530 14:24:25.019" endtime="20210530 14:24:25.019"/>
</kw>
<status status="PASS" starttime="20210530 14:24:25.019" endtime="20210530 14:24:25.019"/>
</iter>
<iter>
<var name="${i}">3</var>
<kw name="Evaluate" library="BuiltIn">
<var>${sum}</var>
<arg>${sum} + ${i}</arg>
<doc>Evaluates the given expression in Python and returns the result.</doc>
<msg timestamp="20210530 14:24:25.020" level="INFO">${sum} = 6</msg>
<status status="PASS" starttime="20210530 14:24:25.019" endtime="20210530 14:24:25.020"/>
</kw>
<status status="PASS" starttime="20210530 14:24:25.019" endtime="20210530 14:24:25.020"/>
</iter>
<iter>
<var name="${i}">5</var>
<kw name="Evaluate" library="BuiltIn">
<var>${sum}</var>
<arg>${sum} + ${i}</arg>
<doc>Evaluates the given expression in Python and returns the result.</doc>
<msg timestamp="20210530 14:24:25.020" level="INFO">${sum} = 11</msg>
<status status="PASS" starttime="20210530 14:24:25.020" endtime="20210530 14:24:25.020"/>
</kw>
<status status="PASS" starttime="20210530 14:24:25.020" endtime="20210530 14:24:25.020"/>
</iter>
<iter>
<var name="${i}">1</var>
<kw name="Evaluate" library="BuiltIn">
<var>${sum}</var>
<arg>${sum} + ${i}</arg>
<doc>Evaluates the given expression in Python and returns the result.</doc>
<msg timestamp="20210530 14:24:25.021" level="INFO">${sum} = 12</msg>
<status status="PASS" starttime="20210530 14:24:25.020" endtime="20210530 14:24:25.021"/>
</kw>
<status status="PASS" starttime="20210530 14:24:25.020" endtime="20210530 14:24:25.021"/>
</iter>
<iter>
<var name="${i}">0</var>
<kw name="Evaluate" library="BuiltIn">
<var>${sum}</var>
<arg>${sum} + ${i}</arg>
<doc>Evaluates the given expression in Python and returns the result.</doc>
<msg timestamp="20210530 14:24:25.021" level="INFO">${sum} = 12</msg>
<status status="PASS" starttime="20210530 14:24:25.021" endtime="20210530 14:24:25.022"/>
</kw>
<status status="PASS" starttime="20210530 14:24:25.021" endtime="20210530 14:24:25.022"/>
</iter>
<iter>
<var name="${i}">-1</var>
<kw name="Evaluate" library="BuiltIn">
<var>${sum}</var>
<arg>${sum} + ${i}</arg>
<doc>Evaluates the given expression in Python and returns the result.</doc>
<msg timestamp="20210530 14:24:25.022" level="INFO">${sum} = 11</msg>
<status status="PASS" starttime="20210530 14:24:25.022" endtime="20210530 14:24:25.022"/>
</kw>
<status status="PASS" starttime="20210530 14:24:25.022" endtime="20210530 14:24:25.022"/>
</iter>
<iter>
<var name="${i}">10</var>
<kw name="Evaluate" library="BuiltIn">
<var>${sum}</var>
<arg>${sum} + ${i}</arg>
<doc>Evaluates the given expression in Python and returns the result.</doc>
<msg timestamp="20210530 14:24:25.022" level="INFO">${sum} = 21</msg>
<status status="PASS" starttime="20210530 14:24:25.022" endtime="20210530 14:24:25.023"/>
</kw>
<status status="PASS" starttime="20210530 14:24:25.022" endtime="20210530 14:24:25.023"/>
</iter>
<status status="PASS" starttime="20210530 14:24:25.018" endtime="20210530 14:24:25.023"/>
</for>
<kw name="Should Be Equal As Numbers" library="BuiltIn">
<arg>${sum}</arg>
<arg>21</arg>
<doc>Fails if objects are unequal after converting them to real numbers.</doc>
<msg timestamp="20210530 14:24:25.023" level="INFO">Argument types are:
&lt;class 'int'&gt;
&lt;type 'unicode'&gt;</msg>
<status status="PASS" starttime="20210530 14:24:25.023" endtime="20210530 14:24:25.023"/>
</kw>
<doc>checks if the sum of all varables are being found correctly</doc>
<status status="PASS" starttime="20210530 14:24:25.005" endtime="20210530 14:24:25.024"/>
</test>
<status status="PASS" starttime="20210530 14:24:24.928" endtime="20210530 14:24:25.025"/>
</suite>
<statistics>
<total>
<stat pass="4" fail="0" skip="0">All Tests</stat>
</total>
<tag>
</tag>
<suite>
<stat pass="4" fail="0" skip="0" id="s1" name="Test">Test</stat>
</suite>
</statistics>
<errors>
</errors>
</robot>
